<?xml version="1.0" encoding="UTF-8"?>
<!-- Generated by org.testng.reporters.JUnitReportReporter -->
<testsuite hostname="DESKTOP-P7ER7T8" failures="0" tests="1" name="Mypack.LaunchURL" time="2.633" errors="0" timestamp="2022-08-19T16:44:36 IST" skipped="0">
  <testcase classname="Mypack.LaunchURL" name="launch" time="2.633"/>
  <system-out/>
</testsuite> <!-- Mypack.LaunchURL -->
